\BOOKMARK [1][-]{section*.2}{\376\377\000I\000n\000t\000r\000o\000d\000u\000c\000t\000i\000o\000n}{}% 1
\BOOKMARK [2][-]{section*.3}{\376\377\000S\000o\000u\000r\000c\000e\000\040\000d\000e\000s\000\040\000d\000o\000n\000n\000\351\000e\000s\000\040\000:}{section*.2}% 2
\BOOKMARK [2][-]{section*.4}{\376\377\000O\000u\000t\000i\000l\000s\000\040\000U\000t\000i\000l\000i\000s\000\351\000s\000\040\000:}{section*.2}% 3
\BOOKMARK [2][-]{section*.5}{\376\377\000P\000r\000o\000b\000l\000\351\000m\000a\000t\000i\000q\000u\000e\000\040\000:}{section*.2}% 4
\BOOKMARK [2][-]{section*.6}{\376\377\000O\000b\000j\000e\000c\000t\000i\000f\000s\000\040\000:}{section*.2}% 5
\BOOKMARK [1][-]{section*.7}{\376\377\000O\000b\000j\000e\000c\000t\000i\000f\000\040\0001\000:\000\040\000C\000o\000m\000p\000r\000\351\000h\000e\000n\000s\000i\000o\000n\000\040\000d\000e\000s\000\040\000c\000a\000r\000a\000c\000t\000\351\000r\000i\000s\000t\000i\000q\000u\000e\000s\000\040\000d\000\351\000m\000o\000g\000r\000a\000p\000h\000i\000q\000u\000e\000s}{}% 6
\BOOKMARK [2][-]{section*.8}{\376\377\000J\000u\000s\000t\000i\000f\000i\000c\000a\000t\000i\000o\000n\000\040\000d\000e\000s\000\040\000c\000h\000o\000i\000x\000\040\000d\000e\000\040\000v\000a\000r\000i\000a\000b\000l\000e\000s\000\040\000:}{section*.7}% 7
\BOOKMARK [2][-]{section*.9}{\376\377\000A\000n\000a\000l\000y\000s\000e\000\040\000:}{section*.7}% 8
\BOOKMARK [1][-]{section*.10}{\376\377\000O\000b\000j\000e\000c\000t\000i\000f\000\040\0002\000:\000\040\000\311\000t\000u\000d\000e\000\040\000d\000e\000s\000\040\000r\000e\000l\000a\000t\000i\000o\000n\000s\000\040\000e\000n\000t\000r\000e\000\040\000l\000e\000s\000\040\000v\000a\000r\000i\000a\000b\000l\000e\000s}{}% 9
\BOOKMARK [2][-]{section*.11}{\376\377\000J\000u\000s\000t\000i\000f\000i\000c\000a\000t\000i\000o\000n\000\040\000d\000e\000s\000\040\000c\000h\000o\000i\000x\000\040\000d\000e\000\040\000v\000a\000r\000i\000a\000b\000l\000e\000s\000\040\000:}{section*.10}% 10
\BOOKMARK [2][-]{section*.12}{\376\377\000M\000a\000t\000r\000i\000c\000e\000\040\000d\000e\000\040\000c\000o\000r\000r\000\351\000l\000a\000t\000i\000o\000n\000\040\000:}{section*.10}% 11
\BOOKMARK [2][-]{section*.14}{\376\377\000T\000e\000s\000t\000\040\000d\000e\000\040\000c\000o\000r\000r\000\351\000l\000a\000t\000i\000o\000n\000\040\000:}{section*.10}% 12
\BOOKMARK [1][-]{section*.16}{\376\377\000O\000b\000j\000e\000c\000t\000i\000f\000\040\0003\000:\000\040\000F\000a\000c\000t\000e\000u\000r\000s\000\040\000s\000o\000u\000s\000-\000j\000a\000c\000e\000n\000t\000s\000\040\000\340\000\040\000l\000a\000\040\000r\000\351\000s\000i\000l\000i\000a\000t\000i\000o\000n}{}% 13
\BOOKMARK [2][-]{section*.17}{\376\377\000J\000u\000s\000t\000i\000f\000i\000c\000a\000t\000i\000o\000n\000\040\000d\000e\000s\000\040\000c\000h\000o\000i\000x\000\040\000d\000e\000\040\000v\000a\000r\000i\000a\000b\000l\000e\000s\000\040\000:}{section*.16}% 14
\BOOKMARK [2][-]{section*.18}{\376\377\000A\000n\000a\000l\000y\000s\000e\000\040\000f\000a\000c\000t\000o\000r\000i\000e\000l\000l\000e\000\040\000-\000\040\000I\000n\000t\000e\000r\000p\000r\000\351\000t\000a\000t\000i\000o\000n\000\040\000d\000e\000s\000\040\000f\000a\000c\000t\000e\000u\000r\000s\000\040\000\050\000M\000R\0001\000\040\000e\000t\000\040\000M\000R\0002\000\051\000\040\000:}{section*.16}% 15
\BOOKMARK [2][-]{section*.20}{\376\377\000I\000n\000t\000e\000r\000p\000r\000\351\000t\000a\000t\000i\000o\000n\000\040\000d\000e\000s\000\040\000f\000a\000c\000t\000e\000u\000r\000s\000\040\000:}{section*.16}% 16
\BOOKMARK [2][-]{section*.21}{\376\377\000F\000a\000c\000t\000e\000u\000r\000s\000\040\000s\000o\000u\000s\000-\000j\000a\000c\000e\000n\000t\000s\000\040\000\340\000\040\000l\000a\000\040\000d\000\351\000c\000i\000s\000i\000o\000n\000\040\000d\000e\000\040\000r\000\351\000s\000i\000l\000i\000e\000r\000\040\000:}{section*.16}% 17
\BOOKMARK [1][-]{section*.22}{\376\377\000O\000b\000j\000e\000c\000t\000i\000f\000\040\0004\000:\000\040\000M\000o\000d\000\351\000l\000i\000s\000a\000t\000i\000o\000n\000\040\000p\000r\000\351\000d\000i\000c\000t\000i\000v\000e}{}% 18
\BOOKMARK [2][-]{section*.23}{\376\377\000J\000u\000s\000t\000i\000f\000i\000c\000a\000t\000i\000o\000n\000\040\000d\000e\000s\000\040\000c\000h\000o\000i\000x\000\040\000d\000e\000\040\000v\000a\000r\000i\000a\000b\000l\000e\000s\000\040\000:}{section*.22}% 19
\BOOKMARK [2][-]{section*.24}{\376\377\000M\000o\000d\000\350\000l\000e\000\040\000d\000e\000\040\000r\000\351\000g\000r\000e\000s\000s\000i\000o\000n\000\040\000l\000o\000g\000i\000s\000t\000i\000q\000u\000e\000\040\000:}{section*.22}% 20
\BOOKMARK [1][-]{section*.30}{\376\377\000O\000b\000j\000e\000c\000t\000i\000f\000\040\0005\000:\000\040\000C\000l\000a\000s\000s\000i\000f\000i\000c\000a\000t\000i\000o\000n\000\040\000d\000e\000s\000\040\000c\000l\000i\000e\000n\000t\000s}{}% 21
\BOOKMARK [2][-]{section*.31}{\376\377\000N\000o\000m\000b\000r\000e\000\040\000O\000p\000t\000i\000m\000a\000l\000\040\000d\000e\000\040\000C\000l\000u\000s\000t\000e\000r\000s\000:}{section*.30}% 22
\BOOKMARK [2][-]{section*.34}{\376\377\000R\000\351\000s\000u\000l\000t\000a\000t\000s\000\040\000d\000e\000\040\000l\000a\000\040\000C\000l\000a\000s\000s\000i\000f\000i\000c\000a\000t\000i\000o\000n\000\040\000:}{section*.30}% 23
\BOOKMARK [1][-]{section*.38}{\376\377\000C\000o\000n\000c\000l\000u\000s\000i\000o\000n}{}% 24
\BOOKMARK [1][-]{section*.39}{\376\377\000P\000a\000r\000t\000i\000e\000\040\000A\000n\000n\000e\000x\000e}{}% 25
\BOOKMARK [2][-]{section*.40}{\376\377\0001\000\040\000-\000\040\000C\000o\000m\000p\000r\000\351\000h\000e\000n\000s\000i\000o\000n\000\040\000d\000e\000s\000\040\000c\000a\000r\000a\000c\000t\000\351\000r\000i\000s\000t\000i\000q\000u\000e\000s\000\040\000d\000\351\000m\000o\000g\000r\000a\000p\000h\000i\000q\000u\000e\000s}{section*.39}% 26
\BOOKMARK [2][-]{section*.44}{\376\377\0002\000\040\000-\000\040\000\311\000t\000u\000d\000e\000\040\000d\000e\000s\000\040\000r\000e\000l\000a\000t\000i\000o\000n\000s\000\040\000e\000n\000t\000r\000e\000\040\000l\000e\000s\000\040\000v\000a\000r\000i\000a\000b\000l\000e\000s}{section*.39}% 27
\BOOKMARK [2][-]{section*.47}{\376\377\0003\000\040\000-\000\040\000F\000a\000c\000t\000e\000u\000r\000s\000\040\000s\000o\000u\000s\000-\000j\000a\000c\000e\000n\000t\000s\000\040\000\340\000\040\000l\000a\000\040\000r\000\351\000s\000i\000l\000i\000a\000t\000i\000o\000n}{section*.39}% 28
\BOOKMARK [2][-]{section*.50}{\376\377\0004\000\040\000-\000\040\000M\000o\000d\000\351\000l\000i\000s\000a\000t\000i\000o\000n\000\040\000p\000r\000\351\000d\000i\000c\000t\000i\000v\000e}{section*.39}% 29
\BOOKMARK [2][-]{section*.53}{\376\377\0005\000\040\000-\000\040\000C\000l\000a\000s\000s\000i\000f\000i\000c\000a\000t\000i\000o\000n\000\040\000d\000e\000s\000\040\000c\000l\000i\000e\000n\000t\000s}{section*.39}% 30
